CONFIG {"name": "long-4x4-16384", "steps": 5000, "world_size": 4, "shard_mean": 1.7, "urn_mean": 1.3, "num_envs": 16384, "minibatch": 16384, "num_epochs": 1, "num_env_steps": 64, "lr": 0.003, "entropy_coeff": 0.01, "seed": 1, "reward_params": {"break_penalty": 3.0, "shaping_coeff": 0.5, "step_cost": 0.02, "waste_penalty": 0.0, "bin_reward": 1.0}}
wandb: [wandb.login()] Loaded credentials for https://api.wandb.ai from /root/.netrc.
wandb: Currently logged in as: rambo-ramon-rainer (rambo-ramon-rainer-foo-research-inc-) to https://api.wandb.ai. Use `wandb login --relogin` to force relogin
wandb: Tracking run with wandb version 0.27.0
wandb: Run data is saved locally in /root/capstone-florian/wandb/run-20260623_000815-wc1y9dwk
wandb: Run `wandb offline` to turn off syncing.
wandb: Syncing run long-4x4-16384
wandb: ‚≠źÔłŹ View project at https://wandb.ai/rambo-ramon-rainer-foo-research-inc-/arena8-capstone
wandb: ūüöÄ View run at https://wandb.ai/rambo-ramon-rainer-foo-research-inc-/arena8-capstone/runs/wc1y9dwk
EVAL step     0  rand_regret 2.5099  rand_solved 0.002  rand_max 9.38  walls_regret 3.981  walls_break 0.33
EVAL step   250  rand_regret 0.0366  rand_solved 0.977  rand_max 3.15  walls_regret 2.981  walls_break 0.00
EVAL step   500  rand_regret 0.0440  rand_solved 0.980  rand_max 4.82  walls_regret 2.544  walls_break 0.00
EVAL step   750  rand_regret 0.0442  rand_solved 0.980  rand_max 6.38  walls_regret 2.981  walls_break 0.00
EVAL step  1000  rand_regret 0.0078  rand_solved 0.992  rand_max 1.74  walls_regret 1.804  walls_break 0.00
EVAL step  1250  rand_regret 0.0110  rand_solved 0.988  rand_max 1.49  walls_regret 1.823  walls_break 0.00
EVAL step  1500  rand_regret 0.0150  rand_solved 0.990  rand_max 2.75  walls_regret 2.981  walls_break 0.00
EVAL step  1750  rand_regret 0.0118  rand_solved 0.992  rand_max 2.68  walls_regret 2.665  walls_break 0.00
EVAL step  2000  rand_regret 0.0054  rand_solved 0.992  rand_max 1.76  walls_regret 1.804  walls_break 0.00
EVAL step  2250  rand_regret 0.0095  rand_solved 0.990  rand_max 1.88  walls_regret 1.804  walls_break 0.00
EVAL step  2500  rand_regret 0.0056  rand_solved 0.992  rand_max 1.91  walls_regret 2.860  walls_break 0.00
EVAL step  2750  rand_regret 0.0066  rand_solved 0.992  rand_max 2.68  walls_regret 1.804  walls_break 0.00
EVAL step  3000  rand_regret 0.0062  rand_solved 0.992  rand_max 1.47  walls_regret 2.860  walls_break 0.00
EVAL step  3250  rand_regret 0.0208  rand_solved 0.986  rand_max 2.75  walls_regret 1.804  walls_break 0.00
EVAL step  3500  rand_regret 0.0240  rand_solved 0.990  rand_max 4.27  walls_regret 1.804  walls_break 0.00
EVAL step  3750  rand_regret 0.0019  rand_solved 0.994  rand_max 0.62  walls_regret 1.683  walls_break 0.00
EVAL step  4000  rand_regret 0.0008  rand_solved 0.994  rand_max 0.14  walls_regret 1.804  walls_break 0.00
EVAL step  4250  rand_regret 0.0054  rand_solved 0.992  rand_max 1.47  walls_regret 0.834  walls_break 0.00
EVAL step  4500  rand_regret 0.0107  rand_solved 0.986  rand_max 2.67  walls_regret 2.860  walls_break 0.00
EVAL step  4750  rand_regret 0.0055  rand_solved 0.990  rand_max 1.76  walls_regret 1.804  walls_break 0.00
wandb: updating run metadata
wandb: uploading output.log; uploading wandb-summary.json
wandb: uploading history steps 19-19, summary
wandb: 
wandb: Run history:
wandb:    actor-clip ‚ĖĀ‚ĖÜ‚ĖÖ‚Ėá‚ĖÜ‚ĖĄ‚ĖÉ‚ĖÉ‚Ėā‚ĖÉ‚ĖĀ‚Ėā‚ĖĄ‚Ėā‚ĖÖ‚ĖĄ‚ĖÉ‚Ėā‚Ėą‚ĖÖ
wandb:     actor-kl1 ‚ĖĀ‚Ėą‚ĖÉ‚ĖĄ‚ĖĄ‚ĖÉ‚ĖÉ‚Ėā‚ĖĀ‚Ėā‚ĖĀ‚ĖĀ‚ĖÉ‚Ėā‚ĖÉ‚Ėā‚Ėā‚Ėā‚ĖÖ‚ĖÉ
wandb:     actor-kl3 ‚ĖĀ‚Ėą‚ĖĄ‚ĖĄ‚ĖĄ‚ĖÉ‚ĖÉ‚Ėā‚ĖĀ‚ĖÉ‚ĖĀ‚ĖĀ‚ĖÉ‚Ėā‚ĖÉ‚Ėā‚Ėā‚ĖĀ‚ĖÖ‚ĖÉ
wandb:   critic-clip ‚Ėą‚ĖĀ‚ĖĀ‚ĖĀ‚ĖĀ‚ĖĀ‚ĖĀ‚ĖĀ‚ĖĀ‚ĖĀ‚ĖĀ‚ĖĀ‚ĖĀ‚ĖĀ‚ĖĀ‚ĖĀ‚ĖĀ‚ĖĀ‚ĖĀ‚ĖĀ
wandb:       entropy ‚Ėą‚ĖĀ‚ĖĀ‚ĖĀ‚ĖĀ‚Ėā‚ĖĀ‚Ėā‚ĖĀ‚ĖĀ‚Ėā‚Ėā‚ĖĀ‚Ėā‚Ėā‚ĖĀ‚Ėā‚Ėā‚ĖĀ‚ĖĀ
wandb:          loss ‚Ėą‚ĖĀ‚ĖĀ‚ĖĀ‚ĖĀ‚ĖĀ‚ĖĀ‚ĖĀ‚ĖĀ‚ĖĀ‚ĖĀ‚ĖĀ‚ĖĀ‚ĖĀ‚ĖĀ‚ĖĀ‚ĖĀ‚ĖĀ‚ĖĀ‚ĖĀ
wandb:    loss-actor ‚ĖĀ‚Ėą‚ĖÖ‚ĖÖ‚ĖÖ‚ĖÜ‚ĖÖ‚ĖÖ‚ĖÖ‚ĖÖ‚ĖÖ‚ĖÜ‚ĖÖ‚ĖÖ‚ĖÖ‚ĖÜ‚ĖÖ‚ĖÖ‚ĖÜ‚ĖÖ
wandb:   loss-critic ‚Ėą‚ĖĀ‚ĖĀ‚ĖĀ‚ĖĀ‚ĖĀ‚ĖĀ‚ĖĀ‚ĖĀ‚ĖĀ‚ĖĀ‚ĖĀ‚ĖĀ‚ĖĀ‚ĖĀ‚ĖĀ‚ĖĀ‚ĖĀ‚ĖĀ‚ĖĀ
wandb:  random_break ‚Ėą‚ĖĀ‚ĖĀ‚Ėā‚Ėā‚Ėā‚Ėā‚ĖĀ‚Ėā‚ĖÉ‚ĖÉ‚Ėā‚Ėā‚Ėā‚Ėā‚Ėā‚Ėā‚Ėā‚ĖĀ‚ĖÉ
wandb: random_regret ‚Ėą‚ĖĀ‚ĖĀ‚ĖĀ‚ĖĀ‚ĖĀ‚ĖĀ‚ĖĀ‚ĖĀ‚ĖĀ‚ĖĀ‚ĖĀ‚ĖĀ‚ĖĀ‚ĖĀ‚ĖĀ‚ĖĀ‚ĖĀ‚ĖĀ‚ĖĀ
wandb:            +8 ...
wandb: 
wandb: Run summary:
wandb:    actor-clip 0.10981
wandb:     actor-kl1 0.0031
wandb:     actor-kl3 0.003
wandb:   critic-clip 0.00279
wandb:       entropy 1.27781
wandb:          loss -0.01126
wandb:    loss-actor 0.00104
wandb:   loss-critic 0.00097
wandb:  random_break 0.00781
wandb: random_regret 0.00549
wandb:            +8 ...
wandb: 
wandb: ūüöÄ View run long-4x4-16384 at: https://wandb.ai/rambo-ramon-rainer-foo-research-inc-/arena8-capstone/runs/wc1y9dwk
wandb: ‚≠źÔłŹ View project at: https://wandb.ai/rambo-ramon-rainer-foo-research-inc-/arena8-capstone
wandb: Synced 5 W&B file(s), 0 media file(s), 0 artifact file(s) and 0 other file(s)
wandb: Find logs at: ./wandb/run-20260623_000815-wc1y9dwk/logs

=== long-4x4-16384  (wall 97.0 min, 5000 steps) ===
reward params: {'break_penalty': 3.0, 'shaping_coeff': 0.5, 'step_cost': 0.02, 'waste_penalty': 0.0, 'bin_reward': 1.0}
    random: regret +0.013 (max +5.710)  optimal +1.344  achieved +1.331  break-rate 0.00  solved 0.99  n=4000
     walls: regret +1.804 (max +2.912)  optimal +1.883  achieved +0.079  break-rate 0.00  solved 0.33  n=3

saved net -> agent_long_4x4.pt  config+metrics -> agent_long_4x4.json
SUMMARY {"random": {"mean_regret": 0.012958599254488945, "max_regret": 5.709593296051025, "frac_solved": 0.9915000200271606, "break_rate": 0.0044999998062849045, "mean_optimal": 1.3435091972351074, "mean_achieved": 1.3305506706237793, "n": 4000}, "walls": {"mean_regret": 1.804276466369629, "max_regret": 2.9123167991638184, "frac_solved": 0.3333333432674408, "break_rate": 0.0, "mean_optimal": 1.8828092813491821, "mean_achieved": 0.07853309065103531, "n": 3}}
